<2014-10-27 14:55:27> INFO  : RequestBean util.RequestBean : Loading webapp-to-workspace mappings from file '/home/lyn/.deegree/webapps.properties'
<2014-10-27 14:55:27> INFO  : RequestBean util.RequestBean : using '/home/lyn/.deegree/generic-client-webservice' for request maps
<2014-10-27 14:55:27> DEBUG : RequestBean util.RequestBean : Using requests directory /home/lyn/.deegree/generic-client-webservice/manager/requests
<2014-10-27 14:55:27> DEBUG : RequestBean util.RequestBean : load request csw/examples/DescribeRecord/xml/describeRecord_1.xml
<2014-10-27 14:55:28> DEBUG : RequestBean util.RequestBean : load request csw/examples/DescribeRecord/xml/describeRecord_1.xml
<2014-10-27 14:55:31> DEBUG : RequestBean util.RequestBean : load request csw/examples/DescribeRecord/xml/describeRecord_1.xml
<2014-10-27 14:55:31> DEBUG : RequestBean util.RequestBean : Try to send the following request to http://deegree3-demo.deegree.org/csw-workspace/services : 
<?xml version="1.0" encoding="UTF-8"?><csw:DescribeRecord xmlns:csw="http://www.opengis.net/cat/csw/2.0.2" xmlns:xsd="http://www.w3.org/2001/XMLSchema" xmlns:xsi="http://www.w3.org/2001/XMLSchema-instance" xsi:schemaLocation="http://www.opengis.net/cat/csw/2.0.2 http://schemas.opengis.net/csw/2.0.2/CSW-discovery.xsd" schemaLanguage="http://www.w3.org/2001/XMLSchema" service="CSW" version="2.0.2">
  <csw:TypeName>csw:Record</csw:TypeName>
</csw:DescribeRecord>
<2014-10-27 14:55:32> DEBUG : RequestBean util.RequestBean : Response mime type: application/xml;charset=UTF-8
<2014-10-28 11:22:55> INFO  : RequestBean util.RequestBean : Loading webapp-to-workspace mappings from file '/home/lyn/.deegree/webapps.properties'
<2014-10-28 11:22:55> INFO  : RequestBean util.RequestBean : using '/home/lyn/.deegree/generic-client-webservice' for request maps
<2014-10-28 11:22:55> DEBUG : RequestBean util.RequestBean : Using requests directory /home/lyn/.deegree/generic-client-webservice/manager/requests
<2014-10-28 11:22:55> DEBUG : RequestBean util.RequestBean : load request csw/examples/DescribeRecord/xml/describeRecord_1.xml
<2014-10-28 11:22:55> DEBUG : RequestBean util.RequestBean : load request csw/examples/DescribeRecord/xml/describeRecord_1.xml
<2014-10-28 11:26:18> DEBUG : RequestBean util.RequestBean : load request csw/examples/DescribeRecord/xml/describeRecord_1.xml
<2014-10-28 11:26:24> DEBUG : RequestBean util.RequestBean : Try to send the following request to http://deegree3-demo.deegree.org/csw-workspace/services : 
<?xml version="1.0" encoding="UTF-8"?><csw:DescribeRecord xmlns:csw="http://www.opengis.net/cat/csw/2.0.2" xmlns:xsd="http://www.w3.org/2001/XMLSchema" xmlns:xsi="http://www.w3.org/2001/XMLSchema-instance" xsi:schemaLocation="http://www.opengis.net/cat/csw/2.0.2 http://schemas.opengis.net/csw/2.0.2/CSW-discovery.xsd" schemaLanguage="http://www.w3.org/2001/XMLSchema" service="CSW" version="2.0.2">
  <csw:TypeName>csw:Record</csw:TypeName>
</csw:DescribeRecord>
<2014-10-28 11:26:24> DEBUG : RequestBean util.RequestBean : Timeout [ms]: 30000
<2014-10-28 11:27:13> INFO  : RequestBean util.RequestBean : Loading webapp-to-workspace mappings from file '/home/lyn/.deegree/webapps.properties'
<2014-10-28 11:27:13> INFO  : RequestBean util.RequestBean : using '/home/lyn/.deegree/generic-client-webservice' for request maps
<2014-10-28 11:27:13> DEBUG : RequestBean util.RequestBean : Using requests directory /home/lyn/.deegree/generic-client-webservice/manager/requests
<2014-10-28 11:27:13> DEBUG : RequestBean util.RequestBean : load request csw/examples/DescribeRecord/xml/describeRecord_1.xml
<2014-10-28 11:27:13> DEBUG : RequestBean util.RequestBean : load request csw/examples/DescribeRecord/xml/describeRecord_1.xml
<2014-10-28 11:27:19> DEBUG : RequestBean util.RequestBean : load request csw/examples/DescribeRecord/xml/describeRecord_1.xml
<2014-10-28 11:27:19> DEBUG : RequestBean util.RequestBean : Try to send the following request to http://deegree3-demo.deegree.org/csw-workspace/services : 
<?xml version="1.0" encoding="UTF-8"?><csw:DescribeRecord xmlns:csw="http://www.opengis.net/cat/csw/2.0.2" xmlns:xsd="http://www.w3.org/2001/XMLSchema" xmlns:xsi="http://www.w3.org/2001/XMLSchema-instance" xsi:schemaLocation="http://www.opengis.net/cat/csw/2.0.2 http://schemas.opengis.net/csw/2.0.2/CSW-discovery.xsd" schemaLanguage="http://www.w3.org/2001/XMLSchema" service="CSW" version="2.0.2">
  <csw:TypeName>csw:Record</csw:TypeName>
</csw:DescribeRecord>
<2014-10-28 11:27:19> DEBUG : RequestBean util.RequestBean : Timeout [ms]: 30000
<2014-10-28 11:27:41> INFO  : RequestBean util.RequestBean : Loading webapp-to-workspace mappings from file '/home/lyn/.deegree/webapps.properties'
<2014-10-28 11:27:41> INFO  : RequestBean util.RequestBean : using '/home/lyn/.deegree/generic-client-webservice' for request maps
<2014-10-28 11:27:41> DEBUG : RequestBean util.RequestBean : Using requests directory /home/lyn/.deegree/generic-client-webservice/manager/requests
<2014-10-28 11:27:41> DEBUG : RequestBean util.RequestBean : load request csw/examples/DescribeRecord/xml/describeRecord_1.xml
<2014-10-28 11:27:41> DEBUG : RequestBean util.RequestBean : load request csw/examples/DescribeRecord/xml/describeRecord_1.xml
<2014-10-28 11:28:04> DEBUG : RequestBean util.RequestBean : load request csw/examples/DescribeRecord/xml/describeRecord_1.xml
<2014-10-28 11:28:04> DEBUG : RequestBean util.RequestBean : load request csw/examples/DescribeRecord/xml/.xml
<2014-10-28 11:28:06> DEBUG : RequestBean util.RequestBean : load request csw/examples/DescribeRecord/xml/.xml
<2014-10-28 11:28:06> DEBUG : RequestBean util.RequestBean : Try to send the following request to http://deegree3-demo.deegree.org/csw-workspace/services : 
<?xml version="1.0" encoding="UTF-8"?><csw:DescribeRecord xmlns:csw="http://www.opengis.net/cat/csw/2.0.2" xmlns:xsd="http://www.w3.org/2001/XMLSchema" xmlns:xsi="http://www.w3.org/2001/XMLSchema-instance" xsi:schemaLocation="http://www.opengis.net/cat/csw/2.0.2 http://schemas.opengis.net/csw/2.0.2/CSW-discovery.xsd" schemaLanguage="http://www.w3.org/2001/XMLSchema" service="CSW" version="2.0.2">
  <csw:TypeName>csw:Record</csw:TypeName>
</csw:DescribeRecord>
<2014-10-28 11:28:06> DEBUG : RequestBean util.RequestBean : Timeout [ms]: 30000
